=== Voisey's Bay — INI-Driven Joint Inversion ===
Config: inversion_output\resolved_config.ini
Output: .
Cluster properties: inversion_output\cluster_properties.csv
Output: .
True model mode: voiseys
loadClusterProperties: loaded 12 clusters from inversion_output\cluster_properties.csv
deriveOrderingFromBoreholes: no borehole data, 12 clusters (cluster_id ascending): c0 c1 c2 c3 c4 c5 c6 c7 c8 c9 c10 c11

=== Real Observed Data Mode ===
CSVGravityLoader: Parse error at line 1: 'x' is not a number
CSVGravityLoader: Skipping line 1: expected at least 4 values (x,y,z,g_obs), got 0
Loaded 992 gravity points
CSVMagneticLoader: Parse error at line 1: 'x' is not a number
CSVMagneticLoader: Skipping line 1: expected at least 4 values (x,y,z,t_obs), got 0
Loaded 500 magnetic points

--- Initial model (cluster_id mode, 12 clusters) ---
buildModelFromClustersDirect: 12 groups (borehole-derived: c0 c1 c2 c3 c4 c5 c6 c7 c8 c9 c10 c11)
  [0] Cluster_ID_0: rho=-0.00314519  chi=5.27331e-08  M_rem=nan A/m  I=nan  D=nan
  [1] Cluster_ID_1: rho=-0.00293977  chi=0.00485927  M_rem=nan A/m  I=nan  D=nan
  [2] Cluster_ID_2: rho=-0.00294252  chi=0.0183632  M_rem=nan A/m  I=nan  D=nan
  [3] Cluster_ID_3: rho=-0.000448985  chi=1.1039e-07  M_rem=nan A/m  I=nan  D=nan
  [4] Cluster_ID_4: rho=-0.000303002  chi=0.00395332  M_rem=nan A/m  I=nan  D=nan
  [5] Cluster_ID_5: rho=-0.000336149  chi=0.0224989  M_rem=nan A/m  I=nan  D=nan
  [6] Cluster_ID_6: rho=0.003436  chi=0  M_rem=nan A/m  I=nan  D=nan
  [7] Cluster_ID_7: rho=0.00372631  chi=0.00608529  M_rem=nan A/m  I=nan  D=nan
  [8] Cluster_ID_8: rho=0.00418723  chi=0.0142552  M_rem=nan A/m  I=nan  D=nan
  [9] Cluster_ID_9: rho=0.00293014  chi=2.86072e-07  M_rem=nan A/m  I=nan  D=nan
  [10] Cluster_ID_10: rho=0.0105978  chi=0.00654696  M_rem=nan A/m  I=nan  D=nan
  [11] Cluster_ID_11: rho=0.018537  chi=0.0294592  M_rem=nan A/m  I=nan  D=nan
  Loading 10 contact meshes (3D pipeline, 11 surfaces needed)
[DEBUG rebuildDofMappings: vertices=57 stride=0 paddingRings=0 paddingSkipped=0 cpSkipped=0 fixedSkipped=0 dofsAdded=171]
[DEBUG   cp vi=0 freedom=6 (0=FIXED 1=Z_ONLY 2=X_ONLY 3=Y_ONLY 5=XY_FREE 6=XYZ_FREE)]
[DEBUG   cp vi=1 freedom=6 (0=FIXED 1=Z_ONLY 2=X_ONLY 3=Y_ONLY 5=XY_FREE 6=XYZ_FREE)]
[DEBUG   cp vi=2 freedom=6 (0=FIXED 1=Z_ONLY 2=X_ONLY 3=Y_ONLY 5=XY_FREE 6=XYZ_FREE)]
[DEBUG   cp vi=3 freedom=6 (0=FIXED 1=Z_ONLY 2=X_ONLY 3=Y_ONLY 5=XY_FREE 6=XYZ_FREE)]
[DEBUG   cp vi=4 freedom=6 (0=FIXED 1=Z_ONLY 2=X_ONLY 3=Y_ONLY 5=XY_FREE 6=XYZ_FREE)]
    Surface 0 (contact_cluster_id_0_cluster_id_1): 57 vertices, 90 triangles, [DEBUG rebuildDofMappings: vertices=57 stride=0 paddingRings=0 paddingSkipped=0 cpSkipped=0 fixedSkipped=0 dofsAdded=171]
[DEBUG   cp vi=0 freedom=6 (0=FIXED 1=Z_ONLY 2=X_ONLY 3=Y_ONLY 5=XY_FREE 6=XYZ_FREE)]
[DEBUG   cp vi=1 freedom=6 (0=FIXED 1=Z_ONLY 2=X_ONLY 3=Y_ONLY 5=XY_FREE 6=XYZ_FREE)]
[DEBUG   cp vi=2 freedom=6 (0=FIXED 1=Z_ONLY 2=X_ONLY 3=Y_ONLY 5=XY_FREE 6=XYZ_FREE)]
[DEBUG   cp vi=3 freedom=6 (0=FIXED 1=Z_ONLY 2=X_ONLY 3=Y_ONLY 5=XY_FREE 6=XYZ_FREE)]
[DEBUG   cp vi=4 freedom=6 (0=FIXED 1=Z_ONLY 2=X_ONLY 3=Y_ONLY 5=XY_FREE 6=XYZ_FREE)]
171 DOFs
[DEBUG rebuildDofMappings: vertices=138 stride=0 paddingRings=0 paddingSkipped=0 cpSkipped=0 fixedSkipped=0 dofsAdded=414]
[DEBUG   cp vi=0 freedom=6 (0=FIXED 1=Z_ONLY 2=X_ONLY 3=Y_ONLY 5=XY_FREE 6=XYZ_FREE)]
[DEBUG   cp vi=1 freedom=6 (0=FIXED 1=Z_ONLY 2=X_ONLY 3=Y_ONLY 5=XY_FREE 6=XYZ_FREE)]
[DEBUG   cp vi=2 freedom=6 (0=FIXED 1=Z_ONLY 2=X_ONLY 3=Y_ONLY 5=XY_FREE 6=XYZ_FREE)]
[DEBUG   cp vi=3 freedom=6 (0=FIXED 1=Z_ONLY 2=X_ONLY 3=Y_ONLY 5=XY_FREE 6=XYZ_FREE)]
[DEBUG   cp vi=4 freedom=6 (0=FIXED 1=Z_ONLY 2=X_ONLY 3=Y_ONLY 5=XY_FREE 6=XYZ_FREE)]
    Surface 1 (contact_cluster_id_1_cluster_id_2): 138 vertices, 248 triangles, [DEBUG rebuildDofMappings: vertices=138 stride=0 paddingRings=0 paddingSkipped=0 cpSkipped=0 fixedSkipped=0 dofsAdded=414]
[DEBUG   cp vi=0 freedom=6 (0=FIXED 1=Z_ONLY 2=X_ONLY 3=Y_ONLY 5=XY_FREE 6=XYZ_FREE)]
[DEBUG   cp vi=1 freedom=6 (0=FIXED 1=Z_ONLY 2=X_ONLY 3=Y_ONLY 5=XY_FREE 6=XYZ_FREE)]
[DEBUG   cp vi=2 freedom=6 (0=FIXED 1=Z_ONLY 2=X_ONLY 3=Y_ONLY 5=XY_FREE 6=XYZ_FREE)]
[DEBUG   cp vi=3 freedom=6 (0=FIXED 1=Z_ONLY 2=X_ONLY 3=Y_ONLY 5=XY_FREE 6=XYZ_FREE)]
[DEBUG   cp vi=4 freedom=6 (0=FIXED 1=Z_ONLY 2=X_ONLY 3=Y_ONLY 5=XY_FREE 6=XYZ_FREE)]
414 DOFs
[DEBUG rebuildDofMappings: vertices=9 stride=0 paddingRings=0 paddingSkipped=0 cpSkipped=0 fixedSkipped=0 dofsAdded=27]
[DEBUG   cp vi=0 freedom=6 (0=FIXED 1=Z_ONLY 2=X_ONLY 3=Y_ONLY 5=XY_FREE 6=XYZ_FREE)]
[DEBUG   cp vi=1 freedom=6 (0=FIXED 1=Z_ONLY 2=X_ONLY 3=Y_ONLY 5=XY_FREE 6=XYZ_FREE)]
[DEBUG   cp vi=2 freedom=6 (0=FIXED 1=Z_ONLY 2=X_ONLY 3=Y_ONLY 5=XY_FREE 6=XYZ_FREE)]
[DEBUG   cp vi=3 freedom=6 (0=FIXED 1=Z_ONLY 2=X_ONLY 3=Y_ONLY 5=XY_FREE 6=XYZ_FREE)]
[DEBUG   cp vi=4 freedom=6 (0=FIXED 1=Z_ONLY 2=X_ONLY 3=Y_ONLY 5=XY_FREE 6=XYZ_FREE)]
    Surface 2 (contact_cluster_id_2_cluster_id_3): 9 vertices, 10 triangles, [DEBUG rebuildDofMappings: vertices=9 stride=0 paddingRings=0 paddingSkipped=0 cpSkipped=0 fixedSkipped=0 dofsAdded=27]
[DEBUG   cp vi=0 freedom=6 (0=FIXED 1=Z_ONLY 2=X_ONLY 3=Y_ONLY 5=XY_FREE 6=XYZ_FREE)]
[DEBUG   cp vi=1 freedom=6 (0=FIXED 1=Z_ONLY 2=X_ONLY 3=Y_ONLY 5=XY_FREE 6=XYZ_FREE)]
[DEBUG   cp vi=2 freedom=6 (0=FIXED 1=Z_ONLY 2=X_ONLY 3=Y_ONLY 5=XY_FREE 6=XYZ_FREE)]
[DEBUG   cp vi=3 freedom=6 (0=FIXED 1=Z_ONLY 2=X_ONLY 3=Y_ONLY 5=XY_FREE 6=XYZ_FREE)]
[DEBUG   cp vi=4 freedom=6 (0=FIXED 1=Z_ONLY 2=X_ONLY 3=Y_ONLY 5=XY_FREE 6=XYZ_FREE)]
27 DOFs
[DEBUG rebuildDofMappings: vertices=181 stride=0 paddingRings=0 paddingSkipped=0 cpSkipped=0 fixedSkipped=0 dofsAdded=543]
[DEBUG   cp vi=0 freedom=6 (0=FIXED 1=Z_ONLY 2=X_ONLY 3=Y_ONLY 5=XY_FREE 6=XYZ_FREE)]
[DEBUG   cp vi=1 freedom=6 (0=FIXED 1=Z_ONLY 2=X_ONLY 3=Y_ONLY 5=XY_FREE 6=XYZ_FREE)]
[DEBUG   cp vi=2 freedom=6 (0=FIXED 1=Z_ONLY 2=X_ONLY 3=Y_ONLY 5=XY_FREE 6=XYZ_FREE)]
[DEBUG   cp vi=3 freedom=6 (0=FIXED 1=Z_ONLY 2=X_ONLY 3=Y_ONLY 5=XY_FREE 6=XYZ_FREE)]
[DEBUG   cp vi=4 freedom=6 (0=FIXED 1=Z_ONLY 2=X_ONLY 3=Y_ONLY 5=XY_FREE 6=XYZ_FREE)]
    Surface 3 (contact_cluster_id_3_cluster_id_4): 181 vertices, 308 triangles, [DEBUG rebuildDofMappings: vertices=181 stride=0 paddingRings=0 paddingSkipped=0 cpSkipped=0 fixedSkipped=0 dofsAdded=543]
[DEBUG   cp vi=0 freedom=6 (0=FIXED 1=Z_ONLY 2=X_ONLY 3=Y_ONLY 5=XY_FREE 6=XYZ_FREE)]
[DEBUG   cp vi=1 freedom=6 (0=FIXED 1=Z_ONLY 2=X_ONLY 3=Y_ONLY 5=XY_FREE 6=XYZ_FREE)]
[DEBUG   cp vi=2 freedom=6 (0=FIXED 1=Z_ONLY 2=X_ONLY 3=Y_ONLY 5=XY_FREE 6=XYZ_FREE)]
[DEBUG   cp vi=3 freedom=6 (0=FIXED 1=Z_ONLY 2=X_ONLY 3=Y_ONLY 5=XY_FREE 6=XYZ_FREE)]
[DEBUG   cp vi=4 freedom=6 (0=FIXED 1=Z_ONLY 2=X_ONLY 3=Y_ONLY 5=XY_FREE 6=XYZ_FREE)]
543 DOFs
[DEBUG rebuildDofMappings: vertices=138 stride=0 paddingRings=0 paddingSkipped=0 cpSkipped=0 fixedSkipped=0 dofsAdded=414]
[DEBUG   cp vi=0 freedom=6 (0=FIXED 1=Z_ONLY 2=X_ONLY 3=Y_ONLY 5=XY_FREE 6=XYZ_FREE)]
[DEBUG   cp vi=1 freedom=6 (0=FIXED 1=Z_ONLY 2=X_ONLY 3=Y_ONLY 5=XY_FREE 6=XYZ_FREE)]
[DEBUG   cp vi=2 freedom=6 (0=FIXED 1=Z_ONLY 2=X_ONLY 3=Y_ONLY 5=XY_FREE 6=XYZ_FREE)]
[DEBUG   cp vi=3 freedom=6 (0=FIXED 1=Z_ONLY 2=X_ONLY 3=Y_ONLY 5=XY_FREE 6=XYZ_FREE)]
[DEBUG   cp vi=4 freedom=6 (0=FIXED 1=Z_ONLY 2=X_ONLY 3=Y_ONLY 5=XY_FREE 6=XYZ_FREE)]
    Surface 4 (contact_cluster_id_4_cluster_id_5): 138 vertices, 222 triangles, [DEBUG rebuildDofMappings: vertices=138 stride=0 paddingRings=0 paddingSkipped=0 cpSkipped=0 fixedSkipped=0 dofsAdded=414]
[DEBUG   cp vi=0 freedom=6 (0=FIXED 1=Z_ONLY 2=X_ONLY 3=Y_ONLY 5=XY_FREE 6=XYZ_FREE)]
[DEBUG   cp vi=1 freedom=6 (0=FIXED 1=Z_ONLY 2=X_ONLY 3=Y_ONLY 5=XY_FREE 6=XYZ_FREE)]
[DEBUG   cp vi=2 freedom=6 (0=FIXED 1=Z_ONLY 2=X_ONLY 3=Y_ONLY 5=XY_FREE 6=XYZ_FREE)]
[DEBUG   cp vi=3 freedom=6 (0=FIXED 1=Z_ONLY 2=X_ONLY 3=Y_ONLY 5=XY_FREE 6=XYZ_FREE)]
[DEBUG   cp vi=4 freedom=6 (0=FIXED 1=Z_ONLY 2=X_ONLY 3=Y_ONLY 5=XY_FREE 6=XYZ_FREE)]
414 DOFs
[DEBUG rebuildDofMappings: vertices=441 stride=0 paddingRings=0 paddingSkipped=0 cpSkipped=0 fixedSkipped=0 dofsAdded=1323]
[DEBUG   cp vi=0 freedom=6 (0=FIXED 1=Z_ONLY 2=X_ONLY 3=Y_ONLY 5=XY_FREE 6=XYZ_FREE)]
[DEBUG   cp vi=1 freedom=6 (0=FIXED 1=Z_ONLY 2=X_ONLY 3=Y_ONLY 5=XY_FREE 6=XYZ_FREE)]
[DEBUG   cp vi=2 freedom=6 (0=FIXED 1=Z_ONLY 2=X_ONLY 3=Y_ONLY 5=XY_FREE 6=XYZ_FREE)]
[DEBUG   cp vi=3 freedom=6 (0=FIXED 1=Z_ONLY 2=X_ONLY 3=Y_ONLY 5=XY_FREE 6=XYZ_FREE)]
[DEBUG   cp vi=4 freedom=6 (0=FIXED 1=Z_ONLY 2=X_ONLY 3=Y_ONLY 5=XY_FREE 6=XYZ_FREE)]
    Surface 5 (contact_cluster_id_5_cluster_id_6): 441 vertices, 800 triangles, [DEBUG rebuildDofMappings: vertices=441 stride=0 paddingRings=0 paddingSkipped=0 cpSkipped=0 fixedSkipped=0 dofsAdded=1323]
[DEBUG   cp vi=0 freedom=6 (0=FIXED 1=Z_ONLY 2=X_ONLY 3=Y_ONLY 5=XY_FREE 6=XYZ_FREE)]
[DEBUG   cp vi=1 freedom=6 (0=FIXED 1=Z_ONLY 2=X_ONLY 3=Y_ONLY 5=XY_FREE 6=XYZ_FREE)]
[DEBUG   cp vi=2 freedom=6 (0=FIXED 1=Z_ONLY 2=X_ONLY 3=Y_ONLY 5=XY_FREE 6=XYZ_FREE)]
[DEBUG   cp vi=3 freedom=6 (0=FIXED 1=Z_ONLY 2=X_ONLY 3=Y_ONLY 5=XY_FREE 6=XYZ_FREE)]
[DEBUG   cp vi=4 freedom=6 (0=FIXED 1=Z_ONLY 2=X_ONLY 3=Y_ONLY 5=XY_FREE 6=XYZ_FREE)]
1323 DOFs
[DEBUG rebuildDofMappings: vertices=61 stride=0 paddingRings=0 paddingSkipped=0 cpSkipped=0 fixedSkipped=0 dofsAdded=183]
[DEBUG   cp vi=0 freedom=6 (0=FIXED 1=Z_ONLY 2=X_ONLY 3=Y_ONLY 5=XY_FREE 6=XYZ_FREE)]
[DEBUG   cp vi=1 freedom=6 (0=FIXED 1=Z_ONLY 2=X_ONLY 3=Y_ONLY 5=XY_FREE 6=XYZ_FREE)]
[DEBUG   cp vi=2 freedom=6 (0=FIXED 1=Z_ONLY 2=X_ONLY 3=Y_ONLY 5=XY_FREE 6=XYZ_FREE)]
[DEBUG   cp vi=3 freedom=6 (0=FIXED 1=Z_ONLY 2=X_ONLY 3=Y_ONLY 5=XY_FREE 6=XYZ_FREE)]
[DEBUG   cp vi=4 freedom=6 (0=FIXED 1=Z_ONLY 2=X_ONLY 3=Y_ONLY 5=XY_FREE 6=XYZ_FREE)]
    Surface 6 (contact_cluster_id_6_cluster_id_7): 61 vertices, 90 triangles, [DEBUG rebuildDofMappings: vertices=61 stride=0 paddingRings=0 paddingSkipped=0 cpSkipped=0 fixedSkipped=0 dofsAdded=183]
[DEBUG   cp vi=0 freedom=6 (0=FIXED 1=Z_ONLY 2=X_ONLY 3=Y_ONLY 5=XY_FREE 6=XYZ_FREE)]
[DEBUG   cp vi=1 freedom=6 (0=FIXED 1=Z_ONLY 2=X_ONLY 3=Y_ONLY 5=XY_FREE 6=XYZ_FREE)]
[DEBUG   cp vi=2 freedom=6 (0=FIXED 1=Z_ONLY 2=X_ONLY 3=Y_ONLY 5=XY_FREE 6=XYZ_FREE)]
[DEBUG   cp vi=3 freedom=6 (0=FIXED 1=Z_ONLY 2=X_ONLY 3=Y_ONLY 5=XY_FREE 6=XYZ_FREE)]
[DEBUG   cp vi=4 freedom=6 (0=FIXED 1=Z_ONLY 2=X_ONLY 3=Y_ONLY 5=XY_FREE 6=XYZ_FREE)]
183 DOFs
[DEBUG rebuildDofMappings: vertices=110 stride=0 paddingRings=0 paddingSkipped=0 cpSkipped=0 fixedSkipped=0 dofsAdded=330]
[DEBUG   cp vi=0 freedom=6 (0=FIXED 1=Z_ONLY 2=X_ONLY 3=Y_ONLY 5=XY_FREE 6=XYZ_FREE)]
[DEBUG   cp vi=1 freedom=6 (0=FIXED 1=Z_ONLY 2=X_ONLY 3=Y_ONLY 5=XY_FREE 6=XYZ_FREE)]
[DEBUG   cp vi=2 freedom=6 (0=FIXED 1=Z_ONLY 2=X_ONLY 3=Y_ONLY 5=XY_FREE 6=XYZ_FREE)]
[DEBUG   cp vi=3 freedom=6 (0=FIXED 1=Z_ONLY 2=X_ONLY 3=Y_ONLY 5=XY_FREE 6=XYZ_FREE)]
[DEBUG   cp vi=4 freedom=6 (0=FIXED 1=Z_ONLY 2=X_ONLY 3=Y_ONLY 5=XY_FREE 6=XYZ_FREE)]
    Surface 7 (contact_cluster_id_7_cluster_id_8): 110 vertices, 213 triangles, [DEBUG rebuildDofMappings: vertices=110 stride=0 paddingRings=0 paddingSkipped=0 cpSkipped=0 fixedSkipped=0 dofsAdded=330]
[DEBUG   cp vi=0 freedom=6 (0=FIXED 1=Z_ONLY 2=X_ONLY 3=Y_ONLY 5=XY_FREE 6=XYZ_FREE)]
[DEBUG   cp vi=1 freedom=6 (0=FIXED 1=Z_ONLY 2=X_ONLY 3=Y_ONLY 5=XY_FREE 6=XYZ_FREE)]
[DEBUG   cp vi=2 freedom=6 (0=FIXED 1=Z_ONLY 2=X_ONLY 3=Y_ONLY 5=XY_FREE 6=XYZ_FREE)]
[DEBUG   cp vi=3 freedom=6 (0=FIXED 1=Z_ONLY 2=X_ONLY 3=Y_ONLY 5=XY_FREE 6=XYZ_FREE)]
[DEBUG   cp vi=4 freedom=6 (0=FIXED 1=Z_ONLY 2=X_ONLY 3=Y_ONLY 5=XY_FREE 6=XYZ_FREE)]
330 DOFs
[DEBUG rebuildDofMappings: vertices=11 stride=0 paddingRings=0 paddingSkipped=0 cpSkipped=0 fixedSkipped=0 dofsAdded=33]
[DEBUG   cp vi=0 freedom=6 (0=FIXED 1=Z_ONLY 2=X_ONLY 3=Y_ONLY 5=XY_FREE 6=XYZ_FREE)]
[DEBUG   cp vi=1 freedom=6 (0=FIXED 1=Z_ONLY 2=X_ONLY 3=Y_ONLY 5=XY_FREE 6=XYZ_FREE)]
[DEBUG   cp vi=2 freedom=6 (0=FIXED 1=Z_ONLY 2=X_ONLY 3=Y_ONLY 5=XY_FREE 6=XYZ_FREE)]
[DEBUG   cp vi=3 freedom=6 (0=FIXED 1=Z_ONLY 2=X_ONLY 3=Y_ONLY 5=XY_FREE 6=XYZ_FREE)]
[DEBUG   cp vi=4 freedom=6 (0=FIXED 1=Z_ONLY 2=X_ONLY 3=Y_ONLY 5=XY_FREE 6=XYZ_FREE)]
    Surface 8 (contact_cluster_id_8_cluster_id_9): 11 vertices, 13 triangles, [DEBUG rebuildDofMappings: vertices=11 stride=0 paddingRings=0 paddingSkipped=0 cpSkipped=0 fixedSkipped=0 dofsAdded=33]
[DEBUG   cp vi=0 freedom=6 (0=FIXED 1=Z_ONLY 2=X_ONLY 3=Y_ONLY 5=XY_FREE 6=XYZ_FREE)]
[DEBUG   cp vi=1 freedom=6 (0=FIXED 1=Z_ONLY 2=X_ONLY 3=Y_ONLY 5=XY_FREE 6=XYZ_FREE)]
[DEBUG   cp vi=2 freedom=6 (0=FIXED 1=Z_ONLY 2=X_ONLY 3=Y_ONLY 5=XY_FREE 6=XYZ_FREE)]
[DEBUG   cp vi=3 freedom=6 (0=FIXED 1=Z_ONLY 2=X_ONLY 3=Y_ONLY 5=XY_FREE 6=XYZ_FREE)]
[DEBUG   cp vi=4 freedom=6 (0=FIXED 1=Z_ONLY 2=X_ONLY 3=Y_ONLY 5=XY_FREE 6=XYZ_FREE)]
33 DOFs
[DEBUG rebuildDofMappings: vertices=158 stride=0 paddingRings=0 paddingSkipped=0 cpSkipped=0 fixedSkipped=0 dofsAdded=474]
[DEBUG   cp vi=0 freedom=6 (0=FIXED 1=Z_ONLY 2=X_ONLY 3=Y_ONLY 5=XY_FREE 6=XYZ_FREE)]
[DEBUG   cp vi=1 freedom=6 (0=FIXED 1=Z_ONLY 2=X_ONLY 3=Y_ONLY 5=XY_FREE 6=XYZ_FREE)]
[DEBUG   cp vi=2 freedom=6 (0=FIXED 1=Z_ONLY 2=X_ONLY 3=Y_ONLY 5=XY_FREE 6=XYZ_FREE)]
[DEBUG   cp vi=3 freedom=6 (0=FIXED 1=Z_ONLY 2=X_ONLY 3=Y_ONLY 5=XY_FREE 6=XYZ_FREE)]
[DEBUG   cp vi=4 freedom=6 (0=FIXED 1=Z_ONLY 2=X_ONLY 3=Y_ONLY 5=XY_FREE 6=XYZ_FREE)]
    Surface 9 (contact_cluster_id_9_cluster_id_10): 158 vertices, 257 triangles, [DEBUG rebuildDofMappings: vertices=158 stride=0 paddingRings=0 paddingSkipped=0 cpSkipped=0 fixedSkipped=0 dofsAdded=474]
[DEBUG   cp vi=0 freedom=6 (0=FIXED 1=Z_ONLY 2=X_ONLY 3=Y_ONLY 5=XY_FREE 6=XYZ_FREE)]
[DEBUG   cp vi=1 freedom=6 (0=FIXED 1=Z_ONLY 2=X_ONLY 3=Y_ONLY 5=XY_FREE 6=XYZ_FREE)]
[DEBUG   cp vi=2 freedom=6 (0=FIXED 1=Z_ONLY 2=X_ONLY 3=Y_ONLY 5=XY_FREE 6=XYZ_FREE)]
[DEBUG   cp vi=3 freedom=6 (0=FIXED 1=Z_ONLY 2=X_ONLY 3=Y_ONLY 5=XY_FREE 6=XYZ_FREE)]
[DEBUG   cp vi=4 freedom=6 (0=FIXED 1=Z_ONLY 2=X_ONLY 3=Y_ONLY 5=XY_FREE 6=XYZ_FREE)]
474 DOFs
[DEBUG rebuildDofMappings: vertices=421 stride=0 paddingRings=0 paddingSkipped=0 cpSkipped=0 fixedSkipped=0 dofsAdded=1263]
[DEBUG   cp vi=0 freedom=6 (0=FIXED 1=Z_ONLY 2=X_ONLY 3=Y_ONLY 5=XY_FREE 6=XYZ_FREE)]
[DEBUG   cp vi=1 freedom=6 (0=FIXED 1=Z_ONLY 2=X_ONLY 3=Y_ONLY 5=XY_FREE 6=XYZ_FREE)]
[DEBUG   cp vi=2 freedom=6 (0=FIXED 1=Z_ONLY 2=X_ONLY 3=Y_ONLY 5=XY_FREE 6=XYZ_FREE)]
[DEBUG   cp vi=3 freedom=6 (0=FIXED 1=Z_ONLY 2=X_ONLY 3=Y_ONLY 5=XY_FREE 6=XYZ_FREE)]
[DEBUG   cp vi=4 freedom=6 (0=FIXED 1=Z_ONLY 2=X_ONLY 3=Y_ONLY 5=XY_FREE 6=XYZ_FREE)]
    Surface 10 (contact_cluster_id_10_cluster_id_11): 421 vertices, 752 triangles, [DEBUG rebuildDofMappings: vertices=421 stride=0 paddingRings=0 paddingSkipped=0 cpSkipped=0 fixedSkipped=0 dofsAdded=1263]
[DEBUG   cp vi=0 freedom=6 (0=FIXED 1=Z_ONLY 2=X_ONLY 3=Y_ONLY 5=XY_FREE 6=XYZ_FREE)]
[DEBUG   cp vi=1 freedom=6 (0=FIXED 1=Z_ONLY 2=X_ONLY 3=Y_ONLY 5=XY_FREE 6=XYZ_FREE)]
[DEBUG   cp vi=2 freedom=6 (0=FIXED 1=Z_ONLY 2=X_ONLY 3=Y_ONLY 5=XY_FREE 6=XYZ_FREE)]
[DEBUG   cp vi=3 freedom=6 (0=FIXED 1=Z_ONLY 2=X_ONLY 3=Y_ONLY 5=XY_FREE 6=XYZ_FREE)]
[DEBUG   cp vi=4 freedom=6 (0=FIXED 1=Z_ONLY 2=X_ONLY 3=Y_ONLY 5=XY_FREE 6=XYZ_FREE)]
1263 DOFs
  Loaded: 10 from mesh files, 1 fallback flat
  Bottom depth set to -1581.23 (deepest vertex at -1381.23 - 200m margin)
configureRemanenceDirect: FixedVectorPerGroup mode (known=none unknown=mixed)

Initial model:
  [0] Cluster_ID_0: rho=-0.003  chi=5.2733e-08  M_rem=0.00 A/m  I_rem=75.00  D_rem=-20.00
  [1] Cluster_ID_1: rho=-0.003  chi=4.8593e-03  M_rem=2.67 A/m  I_rem=75.00  D_rem=-20.00
  [2] Cluster_ID_2: rho=-0.003  chi=1.8363e-02  M_rem=10.10 A/m  I_rem=75.00  D_rem=-20.00
  [3] Cluster_ID_3: rho=-0.000  chi=1.1039e-07  M_rem=0.00 A/m  I_rem=75.00  D_rem=-20.00
  [4] Cluster_ID_4: rho=-0.000  chi=3.9533e-03  M_rem=2.17 A/m  I_rem=75.00  D_rem=-20.00
  [5] Cluster_ID_5: rho=-0.000  chi=2.2499e-02  M_rem=12.37 A/m  I_rem=75.00  D_rem=-20.00
  [6] Cluster_ID_6: rho=0.003  chi=0.0000e+00  M_rem=0.00 A/m  I_rem=75.00  D_rem=-20.00
  [7] Cluster_ID_7: rho=0.004  chi=6.0853e-03  M_rem=3.35 A/m  I_rem=75.00  D_rem=-20.00
  [8] Cluster_ID_8: rho=0.004  chi=1.4255e-02  M_rem=7.84 A/m  I_rem=75.00  D_rem=-20.00
  [9] Cluster_ID_9: rho=0.003  chi=2.8607e-07  M_rem=0.00 A/m  I_rem=75.00  D_rem=-20.00
  [10] Cluster_ID_10: rho=0.011  chi=6.5470e-03  M_rem=3.60 A/m  I_rem=75.00  D_rem=-20.00
  [11] Cluster_ID_11: rho=0.019  chi=2.9459e-02  M_rem=16.20 A/m  I_rem=75.00  D_rem=-20.00

--- Exporting starting model ---
exporter: Wrote GOCAD TSurf to ./starting/csv_start_contact_cluster_id_0_cluster_id_1.ts (57 vertices, 90 triangles)
exporter: Wrote OBJ to ./starting/csv_start_contact_cluster_id_0_cluster_id_1.obj
exporter: Wrote GOCAD TSurf to ./starting/csv_start_contact_cluster_id_1_cluster_id_2.ts (138 vertices, 248 triangles)
exporter: Wrote OBJ to ./starting/csv_start_contact_cluster_id_1_cluster_id_2.obj
exporter: Wrote GOCAD TSurf to ./starting/csv_start_contact_cluster_id_2_cluster_id_3.ts (9 vertices, 10 triangles)
exporter: Wrote OBJ to ./starting/csv_start_contact_cluster_id_2_cluster_id_3.obj
exporter: Wrote GOCAD TSurf to ./starting/csv_start_contact_cluster_id_3_cluster_id_4.ts (181 vertices, 308 triangles)
exporter: Wrote OBJ to ./starting/csv_start_contact_cluster_id_3_cluster_id_4.obj
exporter: Wrote GOCAD TSurf to ./starting/csv_start_contact_cluster_id_4_cluster_id_5.ts (138 vertices, 222 triangles)
exporter: Wrote OBJ to ./starting/csv_start_contact_cluster_id_4_cluster_id_5.obj
exporter: Wrote GOCAD TSurf to ./starting/csv_start_contact_cluster_id_5_cluster_id_6.ts (441 vertices, 800 triangles)
exporter: Wrote OBJ to ./starting/csv_start_contact_cluster_id_5_cluster_id_6.obj
exporter: Wrote GOCAD TSurf to ./starting/csv_start_contact_cluster_id_6_cluster_id_7.ts (61 vertices, 90 triangles)
exporter: Wrote OBJ to ./starting/csv_start_contact_cluster_id_6_cluster_id_7.obj
exporter: Wrote GOCAD TSurf to ./starting/csv_start_contact_cluster_id_7_cluster_id_8.ts (110 vertices, 213 triangles)
exporter: Wrote OBJ to ./starting/csv_start_contact_cluster_id_7_cluster_id_8.obj
exporter: Wrote GOCAD TSurf to ./starting/csv_start_contact_cluster_id_8_cluster_id_9.ts (11 vertices, 13 triangles)
exporter: Wrote OBJ to ./starting/csv_start_contact_cluster_id_8_cluster_id_9.obj
exporter: Wrote GOCAD TSurf to ./starting/csv_start_contact_cluster_id_9_cluster_id_10.ts (158 vertices, 257 triangles)
exporter: Wrote OBJ to ./starting/csv_start_contact_cluster_id_9_cluster_id_10.obj
exporter: Wrote GOCAD TSurf to ./starting/csv_start_contact_cluster_id_10_cluster_id_11.ts (421 vertices, 752 triangles)
exporter: Wrote OBJ to ./starting/csv_start_contact_cluster_id_10_cluster_id_11.obj
exporter: Wrote closed volume GOCAD TSurf to ./starting/csv_start_cluster_id_0.ts (21146 vertices)
exporter: Wrote closed volume GOCAD TSurf to ./starting/csv_start_cluster_id_1.ts (21146 vertices)
exporter: Wrote closed volume GOCAD TSurf to ./starting/csv_start_cluster_id_2.ts (21146 vertices)
exporter: Wrote closed volume GOCAD TSurf to ./starting/csv_start_cluster_id_3.ts (21146 vertices)
exporter: Wrote closed volume GOCAD TSurf to ./starting/csv_start_cluster_id_4.ts (21146 vertices)
exporter: Wrote closed volume GOCAD TSurf to ./starting/csv_start_cluster_id_5.ts (21146 vertices)
exporter: Wrote closed volume GOCAD TSurf to ./starting/csv_start_cluster_id_6.ts (21146 vertices)
exporter: Wrote closed volume GOCAD TSurf to ./starting/csv_start_cluster_id_7.ts (21146 vertices)
exporter: Wrote closed volume GOCAD TSurf to ./starting/csv_start_cluster_id_8.ts (21146 vertices)
exporter: Wrote closed volume GOCAD TSurf to ./starting/csv_start_cluster_id_9.ts (21146 vertices)
exporter: Wrote closed volume GOCAD TSurf to ./starting/csv_start_cluster_id_10.ts (21146 vertices)
exporter: Wrote closed volume GOCAD TSurf to ./starting/csv_start_cluster_id_11.ts (21146 vertices)
  Wrote starting model to ./starting/

--- Running inversion (mode: EffectiveSusceptibility) ---
[DEBUG setup() start]
[DEBUG step 1]
[DEBUG setControlPointStride returned 0]
[DEBUG surface 0: vertices=57 dofs=171 interior=0 padding=0 stride=0]
[DEBUG surface 1: vertices=138 dofs=414 interior=0 padding=0 stride=0]
[DEBUG surface 2: vertices=9 dofs=27 interior=0 padding=0 stride=0]
[DEBUG surface 3: vertices=181 dofs=543 interior=0 padding=0 stride=0]
[DEBUG surface 4: vertices=138 dofs=414 interior=0 padding=0 stride=0]
[DEBUG surface 5: vertices=441 dofs=1323 interior=0 padding=0 stride=0]
[DEBUG surface 6: vertices=61 dofs=183 interior=0 padding=0 stride=0]
[DEBUG surface 7: vertices=110 dofs=330 interior=0 padding=0 stride=0]
[DEBUG surface 8: vertices=11 dofs=33 interior=0 padding=0 stride=0]
[DEBUG surface 9: vertices=158 dofs=474 interior=0 padding=0 stride=0]
[DEBUG surface 10: vertices=421 dofs=1263 interior=0 padding=0 stride=0]
[DEBUG totalDofCount=5175]
[DEBUG step 2: buildNeighbors, surfaces=11]
[DEBUG step 3: GravityForward]
[DEBUG step 4: ObjectiveFunction]
[DEBUG step 5: magnetic=yes]
[DEBUG step 6: SurfaceSmoothness]
[DEBUG step 7: addRegularization]
[DEBUG step 8: constraints=0]
[DEBUG step 9: LBFGSBOptimizer]
[DEBUG setup() done]
  Iter   0: RMS=3.4610  obj=7.224e+07  DW_g=(0.02,0.17)  mag=6.1081e+07 DW_m=(2.00,2.00)
[Data scaling] J_grav: 992x5175  |J|_max=0.00e+00  |J|_mean=0.00e+00
[Data scaling] J_mag:  500x5175  |J|_max=5.94e-05  |J|_mean=3.33e-08
[Data scaling] λmax_grav=0.00e+00  λmax_mag=6.91e-07
[Data scaling] Eigenvalue degenerate — falling back to gradient-norm
[Data scaling] ||∇grav||=0.00e+00  ||∇mag||=4.02e-01
[Data scaling] Gravity gradient near-zero, keeping α_mag=1
[DEBUG calling minimize, phaseIters=5 params=5175]
[DEBUG geoGrad called, params=5175]
[DEBUG geoGrad: calling joint gradient]
[DEBUG geoGrad: joint gradient done, size=5175]
  Iter   1: RMS=3.4610  obj=7.208e+07  DW_g=(0.02,0.17)  mag=6.1081e+07 DW_m=(2.05,0.92)
  Iter   2: RMS=3.7260  obj=1.747e+10  DW_g=(0.02,0.15)  mag=6.1081e+07 DW_m=(2.05,0.92)
  Iter   3: RMS=3.5461  obj=4.327e+09  DW_g=(0.02,0.16)  mag=6.1081e+07 DW_m=(2.05,0.92)
  Iter   4: RMS=3.4811  obj=1.079e+09  DW_g=(0.02,0.17)  mag=6.1081e+07 DW_m=(2.05,0.92)
  Iter   5: RMS=3.4637  obj=2.873e+08  DW_g=(0.02,0.17)  mag=6.1081e+07 DW_m=(2.05,0.92)
  Iter   6: RMS=3.4598  obj=1.065e+08  DW_g=(0.02,0.16)  mag=6.1081e+07 DW_m=(2.05,0.92)
  Iter   7: RMS=3.4596  obj=7.094e+07  DW_g=(0.02,0.16)  mag=6.1081e+07 DW_m=(2.05,0.92)
[DEBUG geoGrad called, params=5175]
[DEBUG geoGrad: calling joint gradient]
[DEBUG geoGrad: joint gradient done, size=5175]
  Iter   8: RMS=3.4607  obj=6.424e+07  DW_g=(0.02,0.17)  mag=6.1081e+07 DW_m=(2.05,0.92)
[DEBUG geoGrad called, params=5175]
[DEBUG geoGrad: calling joint gradient]
[DEBUG geoGrad: joint gradient done, size=5175]
  Iter   9: RMS=3.4611  obj=6.277e+07  DW_g=(0.02,0.17)  mag=6.1081e+07 DW_m=(2.05,0.92)
[DEBUG geoGrad called, params=5175]
[DEBUG geoGrad: calling joint gradient]
[DEBUG geoGrad: joint gradient done, size=5175]
  Iter  10: RMS=3.4610  obj=6.239e+07  DW_g=(0.02,0.17)  mag=6.1081e+07 DW_m=(2.05,0.92)
[DEBUG geoGrad called, params=5175]
[DEBUG geoGrad: calling joint gradient]
[DEBUG geoGrad: joint gradient done, size=5175]
  Iter  11: RMS=3.4607  obj=6.211e+07  DW_g=(0.02,0.17)  mag=6.1081e+07 DW_m=(2.05,0.92)
[DEBUG geoGrad called, params=5175]
[DEBUG geoGrad: calling joint gradient]
[DEBUG geoGrad: joint gradient done, size=5175]
[DEBUG minimize returned, iters=5 converged=0]
[PROPINV density done: 0.5 -0.00293977 -0.00294252 -0.000448985 -0.000303002 -0.000336149 0.003436 0.00372631 0.00418723 0.00293014 0.0105978 0.018537 ]
[PROPINV magnetic done: chi0=0 chi1=0.00485927 chi2=0.0183632 chi3=1.1039e-07 chi4=0.00395332 chi5=0.0224989 chi6=0 chi7=0.00608529 chi8=0.0142552 chi9=2.86072e-07 chi10=0.00654696 chi11=0.0294592 ]
[DEBUG calling minimize, phaseIters=5 params=5175]
[DEBUG geoGrad called, params=5175]
[DEBUG geoGrad: calling joint gradient]
[DEBUG geoGrad: joint gradient done, size=5175]
  Iter  12: RMS=3.4637  obj=7.532e+08  DW_g=(0.34,0.58)  mag=6.1081e+07 DW_m=(2.05,0.92)
  Iter  13: RMS=1.0383  obj=2.297e+08  DW_g=(0.38,0.82)  mag=6.1081e+07 DW_m=(2.05,0.92)
  Iter  14: RMS=1.6575  obj=1.013e+08  DW_g=(0.08,0.22)  mag=6.1081e+07 DW_m=(2.05,0.92)
  Iter  15: RMS=1.8837  obj=7.059e+07  DW_g=(0.06,0.21)  mag=6.1081e+07 DW_m=(2.05,0.92)
  Iter  16: RMS=1.9504  obj=6.356e+07  DW_g=(0.06,0.22)  mag=6.1081e+07 DW_m=(2.05,0.92)
  Iter  17: RMS=1.9687  obj=6.214e+07  DW_g=(0.06,0.22)  mag=6.1081e+07 DW_m=(2.05,0.92)
  Iter  18: RMS=1.9739  obj=6.195e+07  DW_g=(0.06,0.22)  mag=6.1081e+07 DW_m=(2.05,0.92)
[DEBUG geoGrad called, params=5175]
[DEBUG geoGrad: calling joint gradient]
[DEBUG geoGrad: joint gradient done, size=5175]
  Iter  19: RMS=1.9757  obj=6.188e+07  DW_g=(0.06,0.21)  mag=6.1081e+07 DW_m=(2.05,0.92)
[DEBUG geoGrad called, params=5175]
[DEBUG geoGrad: calling joint gradient]
[DEBUG geoGrad: joint gradient done, size=5175]
  Iter  20: RMS=1.9846  obj=6.178e+07  DW_g=(0.06,0.22)  mag=6.1081e+07 DW_m=(2.05,0.92)
[DEBUG geoGrad called, params=5175]
[DEBUG geoGrad: calling joint gradient]
[DEBUG geoGrad: joint gradient done, size=5175]
  Iter  21: RMS=1.9881  obj=6.181e+07  DW_g=(0.06,0.22)  mag=6.1081e+07 DW_m=(2.05,0.92)
  Iter  22: RMS=1.9890  obj=6.168e+07  DW_g=(0.06,0.22)  mag=6.1081e+07 DW_m=(2.05,0.92)
[DEBUG geoGrad called, params=5175]
[DEBUG geoGrad: calling joint gradient]
[DEBUG geoGrad: joint gradient done, size=5175]
  Iter  23: RMS=1.9968  obj=6.159e+07  DW_g=(0.06,0.22)  mag=6.1081e+07 DW_m=(2.05,0.92)
[DEBUG geoGrad called, params=5175]
[DEBUG geoGrad: calling joint gradient]
[DEBUG geoGrad: joint gradient done, size=5175]
[DEBUG minimize returned, iters=5 converged=0]
[PROPINV density done: 0.00708819 -0.00293977 -0.00294252 -0.000448985 -0.000303002 -0.000336149 0.003436 0.00372631 0.00418723 0.00293014 0.0105978 0.018537 ]
[PROPINV magnetic done: chi0=0 chi1=0.00485927 chi2=0.0183632 chi3=1.1039e-07 chi4=0.00395332 chi5=0.0224989 chi6=0 chi7=0.00608529 chi8=0.0142552 chi9=2.86072e-07 chi10=0.00654696 chi11=0.0294592 ]
[DEBUG calling minimize, phaseIters=5 params=5175]
[DEBUG geoGrad called, params=5175]
[DEBUG geoGrad: calling joint gradient]
[DEBUG geoGrad: joint gradient done, size=5175]
  Iter  24: RMS=1.9818  obj=1.954e+08  DW_g=(0.03,0.15)  mag=6.1081e+07 DW_m=(2.05,0.92)
  Iter  25: RMS=1.9849  obj=9.409e+07  DW_g=(0.03,0.15)  mag=6.1081e+07 DW_m=(2.05,0.92)
  Iter  26: RMS=1.9856  obj=6.923e+07  DW_g=(0.03,0.15)  mag=6.1081e+07 DW_m=(2.05,0.92)
  Iter  27: RMS=1.9857  obj=6.326e+07  DW_g=(0.03,0.15)  mag=6.1081e+07 DW_m=(2.05,0.92)
  Iter  28: RMS=1.9857  obj=6.189e+07  DW_g=(0.03,0.15)  mag=6.1081e+07 DW_m=(2.05,0.92)
  Iter  29: RMS=1.9856  obj=6.160e+07  DW_g=(0.03,0.15)  mag=6.1081e+07 DW_m=(2.05,0.92)
  Iter  30: RMS=1.9856  obj=6.156e+07  DW_g=(0.03,0.15)  mag=6.1081e+07 DW_m=(2.05,0.92)
[DEBUG geoGrad called, params=5175]
[DEBUG geoGrad: calling joint gradient]
[DEBUG geoGrad: joint gradient done, size=5175]
  Iter  31: RMS=1.9856  obj=6.153e+07  DW_g=(0.03,0.15)  mag=6.1081e+07 DW_m=(2.05,0.92)
[DEBUG geoGrad called, params=5175]
[DEBUG geoGrad: calling joint gradient]
[DEBUG geoGrad: joint gradient done, size=5175]
  Iter  32: RMS=1.9856  obj=6.152e+07  DW_g=(0.03,0.15)  mag=6.1081e+07 DW_m=(2.05,0.92)
[DEBUG geoGrad called, params=5175]
[DEBUG geoGrad: calling joint gradient]
[DEBUG geoGrad: joint gradient done, size=5175]
  Iter  33: RMS=1.9857  obj=6.146e+07  DW_g=(0.03,0.15)  mag=6.1081e+07 DW_m=(2.05,0.92)
[DEBUG geoGrad called, params=5175]
[DEBUG geoGrad: calling joint gradient]
[DEBUG geoGrad: joint gradient done, size=5175]
  Iter  34: RMS=1.9857  obj=6.145e+07  DW_g=(0.03,0.15)  mag=6.1081e+07 DW_m=(2.05,0.92)
[DEBUG geoGrad called, params=5175]
[DEBUG geoGrad: calling joint gradient]
[DEBUG geoGrad: joint gradient done, size=5175]
[DEBUG minimize returned, iters=5 converged=0]
[PROPINV density done: 0.00799717 -0.00293977 -0.00294252 -0.000448985 -0.000303002 -0.000336149 0.003436 0.00372631 0.00418723 0.00293014 0.0105978 0.018537 ]
[PROPINV magnetic done: chi0=0 chi1=0.00485927 chi2=0.0183632 chi3=1.1039e-07 chi4=0.00395332 chi5=0.0224989 chi6=0 chi7=0.00608529 chi8=0.0142552 chi9=2.86072e-07 chi10=0.00654696 chi11=0.0294592 ]
[DEBUG calling minimize, phaseIters=5 params=5175]
[DEBUG geoGrad called, params=5175]
[DEBUG geoGrad: calling joint gradient]
[DEBUG geoGrad: joint gradient done, size=5175]
  Iter  35: RMS=1.9809  obj=1.589e+08  DW_g=(0.03,0.15)  mag=6.1081e+07 DW_m=(2.05,0.92)
  Iter  36: RMS=1.9843  obj=8.529e+07  DW_g=(0.03,0.15)  mag=6.1081e+07 DW_m=(2.05,0.92)
  Iter  37: RMS=1.9853  obj=6.715e+07  DW_g=(0.03,0.15)  mag=6.1081e+07 DW_m=(2.05,0.92)
  Iter  38: RMS=1.9856  obj=6.274e+07  DW_g=(0.03,0.15)  mag=6.1081e+07 DW_m=(2.05,0.92)
  Iter  39: RMS=1.9857  obj=6.170e+07  DW_g=(0.03,0.15)  mag=6.1081e+07 DW_m=(2.05,0.92)
  Iter  40: RMS=1.9857  obj=6.148e+07  DW_g=(0.03,0.15)  mag=6.1081e+07 DW_m=(2.05,0.92)
  Iter  41: RMS=1.9857  obj=6.144e+07  DW_g=(0.03,0.15)  mag=6.1081e+07 DW_m=(2.05,0.92)
[DEBUG geoGrad called, params=5175]
[DEBUG geoGrad: calling joint gradient]
[DEBUG geoGrad: joint gradient done, size=5175]
  Iter  42: RMS=1.9857  obj=6.143e+07  DW_g=(0.03,0.15)  mag=6.1081e+07 DW_m=(2.05,0.92)
[DEBUG geoGrad called, params=5175]
[DEBUG geoGrad: calling joint gradient]
[DEBUG geoGrad: joint gradient done, size=5175]
  Iter  43: RMS=1.9859  obj=6.139e+07  DW_g=(0.03,0.15)  mag=6.1081e+07 DW_m=(2.05,0.92)
[DEBUG geoGrad called, params=5175]
[DEBUG geoGrad: calling joint gradient]
[DEBUG geoGrad: joint gradient done, size=5175]
  Iter  44: RMS=1.9858  obj=6.140e+07  DW_g=(0.03,0.15)  mag=6.1081e+07 DW_m=(2.05,0.92)
  Iter  45: RMS=1.9858  obj=6.138e+07  DW_g=(0.03,0.15)  mag=6.1081e+07 DW_m=(2.05,0.92)
[DEBUG geoGrad called, params=5175]
[DEBUG geoGrad: calling joint gradient]
[DEBUG geoGrad: joint gradient done, size=5175]
  Iter  46: RMS=1.9859  obj=6.136e+07  DW_g=(0.03,0.15)  mag=6.1081e+07 DW_m=(2.05,0.92)
[DEBUG geoGrad called, params=5175]
[DEBUG geoGrad: calling joint gradient]
[DEBUG geoGrad: joint gradient done, size=5175]
[DEBUG minimize returned, iters=5 converged=0]
[PROPINV density done: -0.104444 -0.00293977 -0.00294252 -0.000448985 -0.000303002 -0.000336149 0.003436 0.00372631 0.00418723 0.00293014 0.0105978 0.018537 ]
[PROPINV magnetic done: chi0=0 chi1=0.00485927 chi2=0.0183632 chi3=1.1039e-07 chi4=0.00395332 chi5=0.0224989 chi6=0 chi7=0.00608529 chi8=0.0142552 chi9=2.86072e-07 chi10=0.00654696 chi11=0.0294592 ]
[DEBUG calling minimize, phaseIters=5 params=5175]
[DEBUG geoGrad called, params=5175]
[DEBUG geoGrad: calling joint gradient]
[DEBUG geoGrad: joint gradient done, size=5175]
  Iter  47: RMS=2.0226  obj=1.284e+08  DW_g=(0.03,0.15)  mag=6.1081e+07 DW_m=(2.05,0.92)
  Iter  48: RMS=1.9821  obj=7.773e+07  DW_g=(0.03,0.14)  mag=6.1081e+07 DW_m=(2.05,0.92)
  Iter  49: RMS=1.9778  obj=6.526e+07  DW_g=(0.03,0.14)  mag=6.1081e+07 DW_m=(2.05,0.92)
  Iter  50: RMS=1.9799  obj=6.224e+07  DW_g=(0.03,0.14)  mag=6.1081e+07 DW_m=(2.05,0.92)
  Iter  51: RMS=1.9820  obj=6.153e+07  DW_g=(0.03,0.14)  mag=6.1081e+07 DW_m=(2.05,0.92)
  Iter  52: RMS=1.9834  obj=6.138e+07  DW_g=(0.03,0.14)  mag=6.1081e+07 DW_m=(2.05,0.92)
  Iter  53: RMS=1.9841  obj=6.136e+07  DW_g=(0.03,0.14)  mag=6.1081e+07 DW_m=(2.05,0.92)
[DEBUG geoGrad called, params=5175]
[DEBUG geoGrad: calling joint gradient]
[DEBUG geoGrad: joint gradient done, size=5175]
  Iter  54: RMS=1.9840  obj=6.135e+07  DW_g=(0.03,0.14)  mag=6.1081e+07 DW_m=(2.05,0.92)
[DEBUG geoGrad called, params=5175]
[DEBUG geoGrad: calling joint gradient]
[DEBUG geoGrad: joint gradient done, size=5175]
  Iter  55: RMS=1.9843  obj=6.135e+07  DW_g=(0.03,0.14)  mag=6.1081e+07 DW_m=(2.05,0.92)
[DEBUG geoGrad called, params=5175]
[DEBUG geoGrad: calling joint gradient]
[DEBUG geoGrad: joint gradient done, size=5175]
  Iter  56: RMS=1.9835  obj=6.133e+07  DW_g=(0.03,0.14)  mag=6.1081e+07 DW_m=(2.05,0.92)
[DEBUG geoGrad called, params=5175]
[DEBUG geoGrad: calling joint gradient]
[DEBUG geoGrad: joint gradient done, size=5175]
  Iter  57: RMS=1.9835  obj=6.132e+07  DW_g=(0.03,0.14)  mag=6.1081e+07 DW_m=(2.05,0.92)
[DEBUG geoGrad called, params=5175]
[DEBUG geoGrad: calling joint gradient]
[DEBUG geoGrad: joint gradient done, size=5175]
[DEBUG minimize returned, iters=5 converged=0]
[PROPINV density done: -0.188031 -0.00293977 -0.00294252 -0.000448985 -0.000303002 -0.000336149 0.003436 0.00372631 0.00418723 0.00293014 0.0105978 0.018537 ]
[PROPINV magnetic done: chi0=0 chi1=0.00485927 chi2=0.0183632 chi3=1.1039e-07 chi4=0.00395332 chi5=0.0224989 chi6=0 chi7=0.00608529 chi8=0.0142552 chi9=2.86072e-07 chi10=0.00654696 chi11=0.0294592 ]
[DEBUG calling minimize, phaseIters=5 params=5175]
[DEBUG geoGrad called, params=5175]
[DEBUG geoGrad: calling joint gradient]
[DEBUG geoGrad: joint gradient done, size=5175]
  Iter  58: RMS=2.0236  obj=7.945e+07  DW_g=(0.03,0.15)  mag=6.1081e+07 DW_m=(2.05,0.92)
  Iter  59: RMS=1.9941  obj=6.574e+07  DW_g=(0.03,0.14)  mag=6.1081e+07 DW_m=(2.05,0.92)
  Iter  60: RMS=1.9861  obj=6.237e+07  DW_g=(0.03,0.14)  mag=6.1081e+07 DW_m=(2.05,0.92)
  Iter  61: RMS=1.9839  obj=6.156e+07  DW_g=(0.03,0.14)  mag=6.1081e+07 DW_m=(2.05,0.92)
  Iter  62: RMS=1.9833  obj=6.137e+07  DW_g=(0.03,0.14)  mag=6.1081e+07 DW_m=(2.05,0.92)
  Iter  63: RMS=1.9831  obj=6.133e+07  DW_g=(0.03,0.14)  mag=6.1081e+07 DW_m=(2.05,0.92)
  Iter  64: RMS=1.9830  obj=6.132e+07  DW_g=(0.03,0.14)  mag=6.1081e+07 DW_m=(2.05,0.92)
[DEBUG geoGrad called, params=5175]
[DEBUG geoGrad: calling joint gradient]
[DEBUG geoGrad: joint gradient done, size=5175]
  Iter  65: RMS=1.9828  obj=6.132e+07  DW_g=(0.03,0.14)  mag=6.1081e+07 DW_m=(2.05,0.92)
[DEBUG geoGrad called, params=5175]
[DEBUG geoGrad: calling joint gradient]
[DEBUG geoGrad: joint gradient done, size=5175]
  Iter  66: RMS=1.9808  obj=6.131e+07  DW_g=(0.03,0.14)  mag=6.1081e+07 DW_m=(2.05,0.92)
[DEBUG geoGrad called, params=5175]
[DEBUG geoGrad: calling joint gradient]
[DEBUG geoGrad: joint gradient done, size=5175]
  Iter  67: RMS=1.9807  obj=6.130e+07  DW_g=(0.03,0.14)  mag=6.1081e+07 DW_m=(2.05,0.92)
[DEBUG geoGrad called, params=5175]
[DEBUG geoGrad: calling joint gradient]
[DEBUG geoGrad: joint gradient done, size=5175]
  Iter  68: RMS=1.9797  obj=6.129e+07  DW_g=(0.03,0.14)  mag=6.1081e+07 DW_m=(2.05,0.92)
[DEBUG geoGrad called, params=5175]
[DEBUG geoGrad: calling joint gradient]
[DEBUG geoGrad: joint gradient done, size=5175]
[DEBUG minimize returned, iters=5 converged=0]
[PROPINV density done: -0.29281 -0.00293977 -0.00294252 -0.000448985 -0.000303002 -0.000336149 0.003436 0.00372631 0.00418723 0.00293014 0.0105978 0.018537 ]
[PROPINV magnetic done: chi0=0 chi1=0.00485927 chi2=0.0183632 chi3=1.1039e-07 chi4=0.00395332 chi5=0.0224989 chi6=0 chi7=0.00608529 chi8=0.0142552 chi9=2.86072e-07 chi10=0.00654696 chi11=0.0294592 ]
[DEBUG calling minimize, phaseIters=5 params=5175]
[DEBUG geoGrad called, params=5175]
[DEBUG geoGrad: calling joint gradient]
[DEBUG geoGrad: joint gradient done, size=5175]
  Iter  69: RMS=2.0742  obj=8.933e+07  DW_g=(0.03,0.15)  mag=6.1081e+07 DW_m=(2.05,0.92)
  Iter  70: RMS=1.9821  obj=6.811e+07  DW_g=(0.03,0.13)  mag=6.1081e+07 DW_m=(2.05,0.92)
  Iter  71: RMS=1.9690  obj=6.290e+07  DW_g=(0.03,0.13)  mag=6.1081e+07 DW_m=(2.05,0.92)
  Iter  72: RMS=1.9710  obj=6.164e+07  DW_g=(0.03,0.13)  mag=6.1081e+07 DW_m=(2.05,0.92)
  Iter  73: RMS=1.9742  obj=6.135e+07  DW_g=(0.03,0.13)  mag=6.1081e+07 DW_m=(2.05,0.92)
  Iter  74: RMS=1.9763  obj=6.129e+07  DW_g=(0.03,0.14)  mag=6.1081e+07 DW_m=(2.05,0.92)
  Iter  75: RMS=1.9775  obj=6.128e+07  DW_g=(0.03,0.14)  mag=6.1081e+07 DW_m=(2.05,0.92)
[DEBUG geoGrad called, params=5175]
[DEBUG geoGrad: calling joint gradient]
[DEBUG geoGrad: joint gradient done, size=5175]
  Iter  76: RMS=1.9770  obj=6.128e+07  DW_g=(0.03,0.14)  mag=6.1081e+07 DW_m=(2.05,0.92)
[DEBUG geoGrad called, params=5175]
[DEBUG geoGrad: calling joint gradient]
[DEBUG geoGrad: joint gradient done, size=5175]
  Iter  77: RMS=1.9770  obj=6.128e+07  DW_g=(0.03,0.14)  mag=6.1081e+07 DW_m=(2.05,0.92)
  Iter  78: RMS=1.9770  obj=6.128e+07  DW_g=(0.03,0.14)  mag=6.1081e+07 DW_m=(2.05,0.92)
[DEBUG geoGrad called, params=5175]
[DEBUG geoGrad: calling joint gradient]
[DEBUG geoGrad: joint gradient done, size=5175]
  Iter  79: RMS=1.9762  obj=6.127e+07  DW_g=(0.03,0.14)  mag=6.1081e+07 DW_m=(2.05,0.92)
[DEBUG geoGrad called, params=5175]
[DEBUG geoGrad: calling joint gradient]
[DEBUG geoGrad: joint gradient done, size=5175]
  Iter  80: RMS=1.9758  obj=6.127e+07  DW_g=(0.03,0.14)  mag=6.1081e+07 DW_m=(2.05,0.92)
[DEBUG geoGrad called, params=5175]
[DEBUG geoGrad: calling joint gradient]
[DEBUG geoGrad: joint gradient done, size=5175]
[DEBUG minimize returned, iters=5 converged=0]
[PROPINV density done: -0.343287 -0.00293977 -0.00294252 -0.000448985 -0.000303002 -0.000336149 0.003436 0.00372631 0.00418723 0.00293014 0.0105978 0.018537 ]
[PROPINV magnetic done: chi0=0 chi1=0.00485927 chi2=0.0183632 chi3=1.1039e-07 chi4=0.00395332 chi5=0.0224989 chi6=0 chi7=0.00608529 chi8=0.0142552 chi9=2.86072e-07 chi10=0.00654696 chi11=0.0294592 ]
[DEBUG calling minimize, phaseIters=5 params=5175]
[DEBUG geoGrad called, params=5175]
[DEBUG geoGrad: calling joint gradient]
[DEBUG geoGrad: joint gradient done, size=5175]
  Iter  81: RMS=1.9345  obj=6.551e+07  DW_g=(0.04,0.13)  mag=6.1081e+07 DW_m=(2.05,0.92)
  Iter  82: RMS=1.9544  obj=6.229e+07  DW_g=(0.04,0.13)  mag=6.1081e+07 DW_m=(2.05,0.92)
  Iter  83: RMS=1.9647  obj=6.150e+07  DW_g=(0.04,0.13)  mag=6.1081e+07 DW_m=(2.05,0.92)
  Iter  84: RMS=1.9700  obj=6.132e+07  DW_g=(0.04,0.13)  mag=6.1081e+07 DW_m=(2.05,0.92)
  Iter  85: RMS=1.9727  obj=6.127e+07  DW_g=(0.04,0.13)  mag=6.1081e+07 DW_m=(2.05,0.92)
  Iter  86: RMS=1.9741  obj=6.127e+07  DW_g=(0.04,0.13)  mag=6.1081e+07 DW_m=(2.05,0.92)
[DEBUG geoGrad called, params=5175]
[DEBUG geoGrad: calling joint gradient]
[DEBUG geoGrad: joint gradient done, size=5175]
  Iter  87: RMS=1.9735  obj=6.126e+07  DW_g=(0.04,0.13)  mag=6.1081e+07 DW_m=(2.05,0.92)
[DEBUG geoGrad called, params=5175]
[DEBUG geoGrad: calling joint gradient]
[DEBUG geoGrad: joint gradient done, size=5175]
  Iter  88: RMS=1.9724  obj=6.126e+07  DW_g=(0.04,0.13)  mag=6.1081e+07 DW_m=(2.05,0.92)
[DEBUG geoGrad called, params=5175]
[DEBUG geoGrad: calling joint gradient]
[DEBUG geoGrad: joint gradient done, size=5175]
  Iter  89: RMS=1.9691  obj=6.125e+07  DW_g=(0.04,0.13)  mag=6.1081e+07 DW_m=(2.05,0.92)
[DEBUG geoGrad called, params=5175]
[DEBUG geoGrad: calling joint gradient]
[DEBUG geoGrad: joint gradient done, size=5175]
  Iter  90: RMS=1.9661  obj=6.124e+07  DW_g=(0.04,0.13)  mag=6.1081e+07 DW_m=(2.05,0.92)
[DEBUG geoGrad called, params=5175]
[DEBUG geoGrad: calling joint gradient]
[DEBUG geoGrad: joint gradient done, size=5175]
[DEBUG minimize returned, iters=5 converged=0]
[PROPINV density done: -0.5 -0.00293977 -0.00294252 -0.000448985 -0.000303002 -0.000336149 0.003436 0.00372631 0.00418723 0.00293014 0.0105978 0.018537 ]
[PROPINV magnetic done: chi0=0 chi1=0.00485927 chi2=0.0183632 chi3=1.1039e-07 chi4=0.00395332 chi5=0.0224989 chi6=0 chi7=0.00608529 chi8=0.0142552 chi9=2.86072e-07 chi10=0.00654696 chi11=0.0294592 ]
[DEBUG calling minimize, phaseIters=5 params=5175]
[DEBUG geoGrad called, params=5175]
[DEBUG geoGrad: calling joint gradient]
[DEBUG geoGrad: joint gradient done, size=5175]
  Iter  91: RMS=1.9726  obj=1.087e+08  DW_g=(0.05,0.14)  mag=6.1081e+07 DW_m=(2.05,0.92)
  Iter  92: RMS=1.9677  obj=7.289e+07  DW_g=(0.05,0.14)  mag=6.1081e+07 DW_m=(2.05,0.92)
  Iter  93: RMS=1.9657  obj=6.404e+07  DW_g=(0.05,0.14)  mag=6.1081e+07 DW_m=(2.05,0.92)
  Iter  94: RMS=1.9647  obj=6.189e+07  DW_g=(0.05,0.14)  mag=6.1081e+07 DW_m=(2.05,0.92)
  Iter  95: RMS=1.9641  obj=6.138e+07  DW_g=(0.05,0.14)  mag=6.1081e+07 DW_m=(2.05,0.92)
  Iter  96: RMS=1.9639  obj=6.126e+07  DW_g=(0.05,0.14)  mag=6.1081e+07 DW_m=(2.05,0.92)
  Iter  97: RMS=1.9637  obj=6.124e+07  DW_g=(0.05,0.14)  mag=6.1081e+07 DW_m=(2.05,0.92)
[DEBUG geoGrad called, params=5175]
[DEBUG geoGrad: calling joint gradient]
[DEBUG geoGrad: joint gradient done, size=5175]
  Iter  98: RMS=1.9635  obj=6.124e+07  DW_g=(0.05,0.14)  mag=6.1081e+07 DW_m=(2.05,0.92)
[DEBUG geoGrad called, params=5175]
[DEBUG geoGrad: calling joint gradient]
[DEBUG geoGrad: joint gradient done, size=5175]
  Iter  99: RMS=1.9622  obj=6.124e+07  DW_g=(0.05,0.14)  mag=6.1081e+07 DW_m=(2.05,0.92)
[DEBUG geoGrad called, params=5175]
[DEBUG geoGrad: calling joint gradient]
[DEBUG geoGrad: joint gradient done, size=5175]
  Iter 100: RMS=1.9613  obj=6.123e+07  DW_g=(0.05,0.14)  mag=6.1081e+07 DW_m=(2.05,0.92)
[DEBUG geoGrad called, params=5175]
[DEBUG geoGrad: calling joint gradient]
[DEBUG geoGrad: joint gradient done, size=5175]
  Iter 101: RMS=1.9520  obj=6.122e+07  DW_g=(0.05,0.13)  mag=6.1081e+07 DW_m=(2.05,0.92)
[DEBUG geoGrad called, params=5175]
[DEBUG geoGrad: calling joint gradient]
[DEBUG geoGrad: joint gradient done, size=5175]
[DEBUG minimize returned, iters=5 converged=0]
[PROPINV density done: -0.5 -0.00293977 -0.00294252 -0.000448985 -0.000303002 -0.000336149 0.003436 0.00372631 0.00418723 0.00293014 0.0105978 0.018537 ]
[PROPINV magnetic done: chi0=0 chi1=0.00485927 chi2=0.0183632 chi3=1.1039e-07 chi4=0.00395332 chi5=0.0224989 chi6=0 chi7=0.00608529 chi8=0.0142552 chi9=2.86072e-07 chi10=0.00654696 chi11=0.0294592 ]
[DEBUG calling minimize, phaseIters=5 params=5175]
[DEBUG geoGrad called, params=5175]
[DEBUG geoGrad: calling joint gradient]
[DEBUG geoGrad: joint gradient done, size=5175]
  Iter 102: RMS=1.8550  obj=7.327e+07  DW_g=(0.05,0.12)  mag=6.1081e+07 DW_m=(2.05,0.92)
  Iter 103: RMS=1.9150  obj=6.415e+07  DW_g=(0.05,0.13)  mag=6.1081e+07 DW_m=(2.05,0.92)
  Iter 104: RMS=1.9368  obj=6.191e+07  DW_g=(0.05,0.13)  mag=6.1081e+07 DW_m=(2.05,0.92)
  Iter 105: RMS=1.9454  obj=6.138e+07  DW_g=(0.05,0.13)  mag=6.1081e+07 DW_m=(2.05,0.92)
  Iter 106: RMS=1.9489  obj=6.125e+07  DW_g=(0.05,0.13)  mag=6.1081e+07 DW_m=(2.05,0.92)
  Iter 107: RMS=1.9505  obj=6.123e+07  DW_g=(0.05,0.13)  mag=6.1081e+07 DW_m=(2.05,0.92)
  Iter 108: RMS=1.9513  obj=6.122e+07  DW_g=(0.05,0.13)  mag=6.1081e+07 DW_m=(2.05,0.92)
[DEBUG geoGrad called, params=5175]
[DEBUG geoGrad: calling joint gradient]
[DEBUG geoGrad: joint gradient done, size=5175]
  Iter 109: RMS=1.9502  obj=6.122e+07  DW_g=(0.05,0.13)  mag=6.1081e+07 DW_m=(2.05,0.92)
[DEBUG geoGrad called, params=5175]
[DEBUG geoGrad: calling joint gradient]
[DEBUG geoGrad: joint gradient done, size=5175]
  Iter 110: RMS=1.9483  obj=6.122e+07  DW_g=(0.05,0.13)  mag=6.1081e+07 DW_m=(2.05,0.92)
  Iter 111: RMS=1.9492  obj=6.122e+07  DW_g=(0.05,0.13)  mag=6.1081e+07 DW_m=(2.05,0.92)
[DEBUG geoGrad called, params=5175]
[DEBUG geoGrad: calling joint gradient]
[DEBUG geoGrad: joint gradient done, size=5175]
  Iter 112: RMS=1.9470  obj=6.122e+07  DW_g=(0.05,0.13)  mag=6.1081e+07 DW_m=(2.05,0.92)
[DEBUG geoGrad called, params=5175]
[DEBUG geoGrad: calling joint gradient]
[DEBUG geoGrad: joint gradient done, size=5175]
  Iter 113: RMS=1.9459  obj=6.121e+07  DW_g=(0.05,0.13)  mag=6.1081e+07 DW_m=(2.05,0.92)
[DEBUG geoGrad called, params=5175]
[DEBUG geoGrad: calling joint gradient]
[DEBUG geoGrad: joint gradient done, size=5175]
[DEBUG minimize returned, iters=5 converged=0]

=== Results ===
Converged: no  Iterations: 50
Final RMS: 1.9459 mGal

Properties (recovered vs initial):
  Cluster_ID_0: rho=-0.5000 (initial -0.5000)  chi=0.0000e+00 (initial 0.0000e+00)  M_rem=0.00 A/m (initial 0.00)
  Cluster_ID_1: rho=-0.0029 (initial -0.0029)  chi=4.8593e-03 (initial 4.8593e-03)  M_rem=2.67 A/m (initial 2.67)
  Cluster_ID_2: rho=-0.0029 (initial -0.0029)  chi=1.8363e-02 (initial 1.8363e-02)  M_rem=10.10 A/m (initial 10.10)
  Cluster_ID_3: rho=-0.0004 (initial -0.0004)  chi=1.1039e-07 (initial 1.1039e-07)  M_rem=0.00 A/m (initial 0.00)
  Cluster_ID_4: rho=-0.0003 (initial -0.0003)  chi=3.9533e-03 (initial 3.9533e-03)  M_rem=2.17 A/m (initial 2.17)
  Cluster_ID_5: rho=-0.0003 (initial -0.0003)  chi=2.2499e-02 (initial 2.2499e-02)  M_rem=12.37 A/m (initial 12.37)
  Cluster_ID_6: rho=0.0034 (initial 0.0034)  chi=0.0000e+00 (initial 0.0000e+00)  M_rem=0.00 A/m (initial 0.00)
  Cluster_ID_7: rho=0.0037 (initial 0.0037)  chi=6.0853e-03 (initial 6.0853e-03)  M_rem=3.35 A/m (initial 3.35)
  Cluster_ID_8: rho=0.0042 (initial 0.0042)  chi=1.4255e-02 (initial 1.4255e-02)  M_rem=7.84 A/m (initial 7.84)
  Cluster_ID_9: rho=0.0029 (initial 0.0029)  chi=2.8607e-07 (initial 2.8607e-07)  M_rem=0.00 A/m (initial 0.00)
  Cluster_ID_10: rho=0.0106 (initial 0.0106)  chi=6.5470e-03 (initial 6.5470e-03)  M_rem=3.60 A/m (initial 3.60)
  Cluster_ID_11: rho=0.0185 (initial 0.0185)  chi=2.9459e-02 (initial 2.9459e-02)  M_rem=16.20 A/m (initial 16.20)
[Export] Grid bounds: X[-2800.00, 2500.00] Y[-2300.00, 2300.00] Z[-1400.00, 100.00] cell=50.00m
exporter: Wrote GOCAD TSurf to ./final/csv_inv_contact_cluster_id_0_cluster_id_1.ts (57 vertices, 90 triangles)
exporter: Wrote OBJ to ./final/csv_inv_contact_cluster_id_0_cluster_id_1.obj
exporter: Wrote 57 vertices to ./final/csv_inv_contact_cluster_id_0_cluster_id_1_vertices.txt
exporter: Wrote 90 triangles to ./final/csv_inv_contact_cluster_id_0_cluster_id_1_triangles.txt
exporter: Wrote GOCAD TSurf to ./final/csv_inv_contact_cluster_id_1_cluster_id_2.ts (138 vertices, 248 triangles)
exporter: Wrote OBJ to ./final/csv_inv_contact_cluster_id_1_cluster_id_2.obj
exporter: Wrote 138 vertices to ./final/csv_inv_contact_cluster_id_1_cluster_id_2_vertices.txt
exporter: Wrote 248 triangles to ./final/csv_inv_contact_cluster_id_1_cluster_id_2_triangles.txt
exporter: Wrote GOCAD TSurf to ./final/csv_inv_contact_cluster_id_2_cluster_id_3.ts (9 vertices, 10 triangles)
exporter: Wrote OBJ to ./final/csv_inv_contact_cluster_id_2_cluster_id_3.obj
exporter: Wrote 9 vertices to ./final/csv_inv_contact_cluster_id_2_cluster_id_3_vertices.txt
exporter: Wrote 10 triangles to ./final/csv_inv_contact_cluster_id_2_cluster_id_3_triangles.txt
exporter: Wrote GOCAD TSurf to ./final/csv_inv_contact_cluster_id_3_cluster_id_4.ts (181 vertices, 308 triangles)
exporter: Wrote OBJ to ./final/csv_inv_contact_cluster_id_3_cluster_id_4.obj
exporter: Wrote 181 vertices to ./final/csv_inv_contact_cluster_id_3_cluster_id_4_vertices.txt
exporter: Wrote 308 triangles to ./final/csv_inv_contact_cluster_id_3_cluster_id_4_triangles.txt
exporter: Wrote GOCAD TSurf to ./final/csv_inv_contact_cluster_id_4_cluster_id_5.ts (138 vertices, 222 triangles)
exporter: Wrote OBJ to ./final/csv_inv_contact_cluster_id_4_cluster_id_5.obj
exporter: Wrote 138 vertices to ./final/csv_inv_contact_cluster_id_4_cluster_id_5_vertices.txt
exporter: Wrote 222 triangles to ./final/csv_inv_contact_cluster_id_4_cluster_id_5_triangles.txt
exporter: Wrote GOCAD TSurf to ./final/csv_inv_contact_cluster_id_5_cluster_id_6.ts (441 vertices, 800 triangles)
exporter: Wrote OBJ to ./final/csv_inv_contact_cluster_id_5_cluster_id_6.obj
exporter: Wrote 441 vertices to ./final/csv_inv_contact_cluster_id_5_cluster_id_6_vertices.txt
exporter: Wrote 800 triangles to ./final/csv_inv_contact_cluster_id_5_cluster_id_6_triangles.txt
exporter: Wrote GOCAD TSurf to ./final/csv_inv_contact_cluster_id_6_cluster_id_7.ts (61 vertices, 90 triangles)
exporter: Wrote OBJ to ./final/csv_inv_contact_cluster_id_6_cluster_id_7.obj
exporter: Wrote 61 vertices to ./final/csv_inv_contact_cluster_id_6_cluster_id_7_vertices.txt
exporter: Wrote 90 triangles to ./final/csv_inv_contact_cluster_id_6_cluster_id_7_triangles.txt
exporter: Wrote GOCAD TSurf to ./final/csv_inv_contact_cluster_id_7_cluster_id_8.ts (110 vertices, 213 triangles)
exporter: Wrote OBJ to ./final/csv_inv_contact_cluster_id_7_cluster_id_8.obj
exporter: Wrote 110 vertices to ./final/csv_inv_contact_cluster_id_7_cluster_id_8_vertices.txt
exporter: Wrote 213 triangles to ./final/csv_inv_contact_cluster_id_7_cluster_id_8_triangles.txt
exporter: Wrote GOCAD TSurf to ./final/csv_inv_contact_cluster_id_8_cluster_id_9.ts (11 vertices, 13 triangles)
exporter: Wrote OBJ to ./final/csv_inv_contact_cluster_id_8_cluster_id_9.obj
exporter: Wrote 11 vertices to ./final/csv_inv_contact_cluster_id_8_cluster_id_9_vertices.txt
exporter: Wrote 13 triangles to ./final/csv_inv_contact_cluster_id_8_cluster_id_9_triangles.txt
exporter: Wrote GOCAD TSurf to ./final/csv_inv_contact_cluster_id_9_cluster_id_10.ts (158 vertices, 257 triangles)
exporter: Wrote OBJ to ./final/csv_inv_contact_cluster_id_9_cluster_id_10.obj
exporter: Wrote 158 vertices to ./final/csv_inv_contact_cluster_id_9_cluster_id_10_vertices.txt
exporter: Wrote 257 triangles to ./final/csv_inv_contact_cluster_id_9_cluster_id_10_triangles.txt
exporter: Wrote GOCAD TSurf to ./final/csv_inv_contact_cluster_id_10_cluster_id_11.ts (421 vertices, 752 triangles)
exporter: Wrote OBJ to ./final/csv_inv_contact_cluster_id_10_cluster_id_11.obj
exporter: Wrote 421 vertices to ./final/csv_inv_contact_cluster_id_10_cluster_id_11_vertices.txt
exporter: Wrote 752 triangles to ./final/csv_inv_contact_cluster_id_10_cluster_id_11_triangles.txt
exporter: Wrote UBC-GIF mesh to ./final/csv_inv_ubc.msh (106x92x30 cells)
exporter: Wrote litho CSV to ./final/csv_inv_litho.csv (292560 cells)
exporter: Wrote 992 predictions to ./final/csv_inv_predicted.csv
exporter: Wrote inversion log to ./final/csv_inv_log.txt
exporter: Wrote 57 vertices to ./final/csv_inv_closure_top.csv
exporter: Wrote 57 vertices to ./final/csv_inv_closure_bottom.csv
exporter: Wrote 57 vertices to ./final/csv_inv_closure_deep_bottom.csv
exporter: Wrote closed volume GOCAD TSurf to ./final/csv_inv_cluster_id_0.ts (19902 vertices)
exporter: Wrote closed volume GOCAD TSurf to ./final/csv_inv_cluster_id_1.ts (19902 vertices)
exporter: Wrote closed volume GOCAD TSurf to ./final/csv_inv_cluster_id_2.ts (19902 vertices)
exporter: Wrote closed volume GOCAD TSurf to ./final/csv_inv_cluster_id_3.ts (19902 vertices)
exporter: Wrote closed volume GOCAD TSurf to ./final/csv_inv_cluster_id_4.ts (19902 vertices)
exporter: Wrote closed volume GOCAD TSurf to ./final/csv_inv_cluster_id_5.ts (19902 vertices)
exporter: Wrote closed volume GOCAD TSurf to ./final/csv_inv_cluster_id_6.ts (19902 vertices)
exporter: Wrote closed volume GOCAD TSurf to ./final/csv_inv_cluster_id_7.ts (19902 vertices)
exporter: Wrote closed volume GOCAD TSurf to ./final/csv_inv_cluster_id_8.ts (19902 vertices)
exporter: Wrote closed volume GOCAD TSurf to ./final/csv_inv_cluster_id_9.ts (19902 vertices)
exporter: Wrote closed volume GOCAD TSurf to ./final/csv_inv_cluster_id_10.ts (19902 vertices)
exporter: Wrote closed volume GOCAD TSurf to ./final/csv_inv_cluster_id_11.ts (19902 vertices)

--- Generating convergence plot ---
  Wrote ./convergence_plot_csv.svg
  (Open in any browser to view; print to PDF/PNG as needed)

=== Done ===
